{"C:\\Users\\GyzerTech (Seun)\\Desktop\\Node\\e-commerce\\customer\\src\\constants\\constant.ts": {"path":"C:\\Users\\GyzerTech (Seun)\\Desktop\\Node\\e-commerce\\customer\\src\\constants\\constant.ts","statementMap":{"0":{"start":{"line":1,"column":23},"end":{"line":5,"column":2}},"1":{"start":{"line":8,"column":13},"end":{"line":31,"column":2}},"2":{"start":{"line":11,"column":8},"end":{"line":11,"column":49}},"3":{"start":{"line":11,"column":21},"end":{"line":11,"column":49}},"4":{"start":{"line":14,"column":8},"end":{"line":18,"column":9}},"5":{"start":{"line":15,"column":12},"end":{"line":15,"column":33}},"6":{"start":{"line":17,"column":12},"end":{"line":17,"column":55}},"7":{"start":{"line":32,"column":13},"end":{"line":32,"column":48}},"8":{"start":{"line":33,"column":13},"end":{"line":33,"column":56}},"9":{"start":{"line":34,"column":13},"end":{"line":34,"column":61}},"10":{"start":{"line":35,"column":13},"end":{"line":35,"column":58}},"11":{"start":{"line":36,"column":13},"end":{"line":36,"column":50}},"12":{"start":{"line":37,"column":13},"end":{"line":37,"column":41}},"13":{"start":{"line":38,"column":13},"end":{"line":38,"column":48}},"14":{"start":{"line":39,"column":13},"end":{"line":40,"column":60}},"15":{"start":{"line":41,"column":13},"end":{"line":41,"column":37}},"16":{"start":{"line":42,"column":13},"end":{"line":42,"column":43}},"17":{"start":{"line":43,"column":13},"end":{"line":43,"column":61}},"18":{"start":{"line":44,"column":13},"end":{"line":44,"column":37}},"19":{"start":{"line":45,"column":13},"end":{"line":45,"column":57}},"20":{"start":{"line":46,"column":13},"end":{"line":46,"column":45}},"21":{"start":{"line":47,"column":13},"end":{"line":47,"column":47}},"22":{"start":{"line":48,"column":13},"end":{"line":48,"column":57}},"23":{"start":{"line":49,"column":13},"end":{"line":49,"column":63}},"24":{"start":{"line":50,"column":13},"end":{"line":50,"column":73}}},"fnMap":{"0":{"name":"(anonymous_0)","decl":{"start":{"line":9,"column":12},"end":{"line":9,"column":22}},"loc":{"start":{"line":9,"column":48},"end":{"line":19,"column":5}}}},"branchMap":{"0":{"loc":{"start":{"line":11,"column":8},"end":{"line":11,"column":49}},"type":"if","locations":[{"start":{"line":11,"column":8},"end":{"line":11,"column":49}},{"start":{},"end":{}}]},"1":{"loc":{"start":{"line":14,"column":8},"end":{"line":18,"column":9}},"type":"if","locations":[{"start":{"line":14,"column":8},"end":{"line":18,"column":9}},{"start":{"line":16,"column":15},"end":{"line":18,"column":9}}]}},"s":{"0":2,"1":2,"2":0,"3":0,"4":0,"5":0,"6":0,"7":2,"8":2,"9":2,"10":2,"11":2,"12":2,"13":2,"14":2,"15":2,"16":2,"17":2,"18":2,"19":2,"20":2,"21":2,"22":2,"23":2,"24":2},"f":{"0":0},"b":{"0":[0,0],"1":[0,0]}}
,"C:\\Users\\GyzerTech (Seun)\\Desktop\\Node\\e-commerce\\customer\\src\\errors\\BadRequest.ts": {"path":"C:\\Users\\GyzerTech (Seun)\\Desktop\\Node\\e-commerce\\customer\\src\\errors\\BadRequest.ts","statementMap":{"0":{"start":{"line":1,"column":0},"end":{"line":1,"column":54}},"1":{"start":{"line":2,"column":0},"end":{"line":2,"column":48}},"2":{"start":{"line":8,"column":4},"end":{"line":8,"column":19}},"3":{"start":{"line":9,"column":4},"end":{"line":9,"column":46}},"4":{"start":{"line":13,"column":0},"end":{"line":13,"column":26}}},"fnMap":{"0":{"name":"(anonymous_1)","decl":{"start":{"line":7,"column":2},"end":{"line":7,"column":14}},"loc":{"start":{"line":7,"column":29},"end":{"line":10,"column":3}}}},"branchMap":{},"s":{"0":2,"1":2,"2":29,"3":29,"4":2},"f":{"0":29},"b":{}}
,"C:\\Users\\GyzerTech (Seun)\\Desktop\\Node\\e-commerce\\customer\\src\\errors\\CustomErrorhandler.ts": {"path":"C:\\Users\\GyzerTech (Seun)\\Desktop\\Node\\e-commerce\\customer\\src\\errors\\CustomErrorhandler.ts","statementMap":{"0":{"start":{"line":1,"column":0},"end":{"line":1,"column":48}},"1":{"start":{"line":7,"column":4},"end":{"line":7,"column":19}},"2":{"start":{"line":8,"column":4},"end":{"line":9,"column":66}},"3":{"start":{"line":13,"column":0},"end":{"line":13,"column":34}}},"fnMap":{"0":{"name":"(anonymous_0)","decl":{"start":{"line":6,"column":2},"end":{"line":6,"column":14}},"loc":{"start":{"line":6,"column":29},"end":{"line":10,"column":3}}}},"branchMap":{"0":{"loc":{"start":{"line":9,"column":6},"end":{"line":9,"column":65}},"type":"binary-expr","locations":[{"start":{"line":9,"column":6},"end":{"line":9,"column":29}},{"start":{"line":9,"column":33},"end":{"line":9,"column":65}}]}},"s":{"0":2,"1":29,"2":29,"3":2},"f":{"0":29},"b":{"0":[29,0]}}
,"C:\\Users\\GyzerTech (Seun)\\Desktop\\Node\\e-commerce\\customer\\src\\errors\\Forbidden.ts": {"path":"C:\\Users\\GyzerTech (Seun)\\Desktop\\Node\\e-commerce\\customer\\src\\errors\\Forbidden.ts","statementMap":{"0":{"start":{"line":1,"column":0},"end":{"line":1,"column":48}},"1":{"start":{"line":2,"column":0},"end":{"line":2,"column":54}},"2":{"start":{"line":8,"column":4},"end":{"line":8,"column":19}},"3":{"start":{"line":9,"column":4},"end":{"line":9,"column":44}},"4":{"start":{"line":13,"column":0},"end":{"line":13,"column":25}}},"fnMap":{"0":{"name":"(anonymous_1)","decl":{"start":{"line":7,"column":2},"end":{"line":7,"column":14}},"loc":{"start":{"line":7,"column":29},"end":{"line":10,"column":3}}}},"branchMap":{},"s":{"0":2,"1":2,"2":0,"3":0,"4":2},"f":{"0":0},"b":{}}
,"C:\\Users\\GyzerTech (Seun)\\Desktop\\Node\\e-commerce\\customer\\src\\errors\\Unauthenticated.ts": {"path":"C:\\Users\\GyzerTech (Seun)\\Desktop\\Node\\e-commerce\\customer\\src\\errors\\Unauthenticated.ts","statementMap":{"0":{"start":{"line":1,"column":0},"end":{"line":1,"column":54}},"1":{"start":{"line":2,"column":0},"end":{"line":2,"column":48}},"2":{"start":{"line":8,"column":4},"end":{"line":8,"column":19}},"3":{"start":{"line":9,"column":4},"end":{"line":9,"column":47}},"4":{"start":{"line":13,"column":0},"end":{"line":13,"column":31}}},"fnMap":{"0":{"name":"(anonymous_1)","decl":{"start":{"line":7,"column":2},"end":{"line":7,"column":14}},"loc":{"start":{"line":7,"column":29},"end":{"line":10,"column":3}}}},"branchMap":{},"s":{"0":2,"1":2,"2":0,"3":0,"4":2},"f":{"0":0},"b":{}}
,"C:\\Users\\GyzerTech (Seun)\\Desktop\\Node\\e-commerce\\customer\\src\\errors\\UnprocessableEntity.ts": {"path":"C:\\Users\\GyzerTech (Seun)\\Desktop\\Node\\e-commerce\\customer\\src\\errors\\UnprocessableEntity.ts","statementMap":{"0":{"start":{"line":1,"column":0},"end":{"line":1,"column":54}},"1":{"start":{"line":2,"column":0},"end":{"line":2,"column":48}},"2":{"start":{"line":7,"column":4},"end":{"line":7,"column":19}},"3":{"start":{"line":8,"column":4},"end":{"line":8,"column":55}},"4":{"start":{"line":12,"column":0},"end":{"line":12,"column":35}}},"fnMap":{"0":{"name":"(anonymous_1)","decl":{"start":{"line":6,"column":2},"end":{"line":6,"column":14}},"loc":{"start":{"line":6,"column":29},"end":{"line":9,"column":3}}}},"branchMap":{},"s":{"0":2,"1":2,"2":0,"3":0,"4":2},"f":{"0":0},"b":{}}
,"C:\\Users\\GyzerTech (Seun)\\Desktop\\Node\\e-commerce\\customer\\src\\errors\\index.ts": {"path":"C:\\Users\\GyzerTech (Seun)\\Desktop\\Node\\e-commerce\\customer\\src\\errors\\index.ts","statementMap":{"0":{"start":{"line":1,"column":0},"end":{"line":1,"column":7}},"1":{"start":{"line":8,"column":2},"end":{"line":1,"column":38}},"2":{"start":{"line":2,"column":0},"end":{"line":2,"column":7}},"3":{"start":{"line":9,"column":2},"end":{"line":2,"column":54}},"4":{"start":{"line":3,"column":0},"end":{"line":3,"column":7}},"5":{"start":{"line":10,"column":2},"end":{"line":3,"column":56}},"6":{"start":{"line":4,"column":0},"end":{"line":4,"column":7}},"7":{"start":{"line":11,"column":2},"end":{"line":4,"column":48}},"8":{"start":{"line":5,"column":0},"end":{"line":5,"column":7}},"9":{"start":{"line":12,"column":2},"end":{"line":5,"column":36}}},"fnMap":{},"branchMap":{},"s":{"0":2,"1":2,"2":2,"3":2,"4":2,"5":2,"6":2,"7":2,"8":2,"9":2},"f":{},"b":{}}
,"C:\\Users\\GyzerTech (Seun)\\Desktop\\Node\\e-commerce\\customer\\src\\helper\\error.ts": {"path":"C:\\Users\\GyzerTech (Seun)\\Desktop\\Node\\e-commerce\\customer\\src\\helper\\error.ts","statementMap":{"0":{"start":{"line":1,"column":0},"end":{"line":1,"column":70}},"1":{"start":{"line":2,"column":0},"end":{"line":2,"column":39}},"2":{"start":{"line":4,"column":29},"end":{"line":16,"column":1}},"3":{"start":{"line":5,"column":4},"end":{"line":15,"column":5}},"4":{"start":{"line":6,"column":8},"end":{"line":6,"column":59}},"5":{"start":{"line":7,"column":11},"end":{"line":15,"column":5}},"6":{"start":{"line":8,"column":8},"end":{"line":12,"column":9}},"7":{"start":{"line":9,"column":12},"end":{"line":9,"column":47}},"8":{"start":{"line":11,"column":12},"end":{"line":11,"column":40}},"9":{"start":{"line":14,"column":8},"end":{"line":14,"column":44}},"10":{"start":{"line":4,"column":13},"end":{"line":4,"column":29}}},"fnMap":{"0":{"name":"(anonymous_0)","decl":{"start":{"line":4,"column":29},"end":{"line":4,"column":30}},"loc":{"start":{"line":4,"column":44},"end":{"line":16,"column":1}}}},"branchMap":{"0":{"loc":{"start":{"line":5,"column":4},"end":{"line":15,"column":5}},"type":"if","locations":[{"start":{"line":5,"column":4},"end":{"line":15,"column":5}},{"start":{"line":7,"column":11},"end":{"line":15,"column":5}}]},"1":{"loc":{"start":{"line":6,"column":29},"end":{"line":6,"column":57}},"type":"cond-expr","locations":[{"start":{"line":6,"column":48},"end":{"line":6,"column":50}},{"start":{"line":6,"column":48},"end":{"line":6,"column":57}}]},"2":{"loc":{"start":{"line":6,"column":29},"end":{"line":6,"column":50}},"type":"binary-expr","locations":[{"start":{"line":6,"column":29},"end":{"line":6,"column":50}},{"start":{"line":6,"column":48},"end":{"line":6,"column":50}}]},"3":{"loc":{"start":{"line":7,"column":11},"end":{"line":15,"column":5}},"type":"if","locations":[{"start":{"line":7,"column":11},"end":{"line":15,"column":5}},{"start":{"line":13,"column":11},"end":{"line":15,"column":5}}]},"4":{"loc":{"start":{"line":8,"column":8},"end":{"line":12,"column":9}},"type":"if","locations":[{"start":{"line":8,"column":8},"end":{"line":12,"column":9}},{"start":{"line":10,"column":15},"end":{"line":12,"column":9}}]}},"s":{"0":2,"1":2,"2":2,"3":17,"4":7,"5":10,"6":0,"7":0,"8":0,"9":10,"10":2},"f":{"0":17},"b":{"0":[7,10],"1":[0,7],"2":[7,7],"3":[0,10],"4":[0,0]}}
,"C:\\Users\\GyzerTech (Seun)\\Desktop\\Node\\e-commerce\\customer\\src\\service\\customer.ts": {"path":"C:\\Users\\GyzerTech (Seun)\\Desktop\\Node\\e-commerce\\customer\\src\\service\\customer.ts","statementMap":{"0":{"start":{"line":1,"column":0},"end":{"line":1,"column":50}},"1":{"start":{"line":2,"column":0},"end":{"line":2,"column":39}},"2":{"start":{"line":6,"column":24},"end":{"line":6,"column":62}},"3":{"start":{"line":9,"column":26},"end":{"line":9,"column":70}},"4":{"start":{"line":11,"column":8},"end":{"line":11,"column":25}},"5":{"start":{"line":15,"column":25},"end":{"line":15,"column":70}},"6":{"start":{"line":16,"column":8},"end":{"line":18,"column":9}},"7":{"start":{"line":17,"column":12},"end":{"line":17,"column":72}},"8":{"start":{"line":20,"column":8},"end":{"line":20,"column":24}},"9":{"start":{"line":5,"column":0},"end":{"line":5,"column":13}}},"fnMap":{"0":{"name":"(anonymous_7)","decl":{"start":{"line":6,"column":4},"end":{"line":6,"column":24}},"loc":{"start":{"line":6,"column":62},"end":{"line":6,"column":66}}},"1":{"name":"(anonymous_8)","decl":{"start":{"line":8,"column":10},"end":{"line":8,"column":22}},"loc":{"start":{"line":8,"column":22},"end":{"line":12,"column":null}}},"2":{"name":"(anonymous_10)","decl":{"start":{"line":14,"column":10},"end":{"line":14,"column":21}},"loc":{"start":{"line":14,"column":32},"end":{"line":21,"column":null}}}},"branchMap":{"0":{"loc":{"start":{"line":16,"column":8},"end":{"line":18,"column":9}},"type":"if","locations":[{"start":{"line":16,"column":8},"end":{"line":18,"column":9}},{"start":{},"end":{}}]}},"s":{"0":1,"1":1,"2":4,"3":2,"4":2,"5":3,"6":3,"7":2,"8":1,"9":1},"f":{"0":4,"1":2,"2":3},"b":{"0":[2,1]}}
,"C:\\Users\\GyzerTech (Seun)\\Desktop\\Node\\e-commerce\\customer\\src\\services\\order-payment.ts": {"path":"C:\\Users\\GyzerTech (Seun)\\Desktop\\Node\\e-commerce\\customer\\src\\services\\order-payment.ts","statementMap":{"0":{"start":{"line":1,"column":0},"end":{"line":1,"column":75}},"1":{"start":{"line":2,"column":0},"end":{"line":2,"column":null}},"2":{"start":{"line":7,"column":0},"end":{"line":7,"column":39}},"3":{"start":{"line":8,"column":0},"end":{"line":8,"column":48}},"4":{"start":{"line":15,"column":8},"end":{"line":79,"column":9}},"5":{"start":{"line":16,"column":40},"end":{"line":16,"column":47}},"6":{"start":{"line":17,"column":29},"end":{"line":17,"column":67}},"7":{"start":{"line":19,"column":26},"end":{"line":19,"column":44}},"8":{"start":{"line":20,"column":32},"end":{"line":20,"column":44}},"9":{"start":{"line":21,"column":32},"end":{"line":21,"column":44}},"10":{"start":{"line":22,"column":35},"end":{"line":22,"column":50}},"11":{"start":{"line":23,"column":34},"end":{"line":23,"column":48}},"12":{"start":{"line":25,"column":12},"end":{"line":27,"column":13}},"13":{"start":{"line":26,"column":16},"end":{"line":26,"column":59}},"14":{"start":{"line":29,"column":12},"end":{"line":31,"column":13}},"15":{"start":{"line":30,"column":16},"end":{"line":30,"column":58}},"16":{"start":{"line":33,"column":12},"end":{"line":35,"column":13}},"17":{"start":{"line":34,"column":16},"end":{"line":34,"column":52}},"18":{"start":{"line":38,"column":36},"end":{"line":43,"column":null}},"19":{"start":{"line":47,"column":40},"end":{"line":52,"column":null}},"20":{"start":{"line":56,"column":34},"end":{"line":60,"column":null}},"21":{"start":{"line":64,"column":45},"end":{"line":68,"column":null}},"22":{"start":{"line":71,"column":12},"end":{"line":76,"column":14}},"23":{"start":{"line":78,"column":12},"end":{"line":78,"column":33}},"24":{"start":{"line":11,"column":0},"end":{"line":11,"column":13}}},"fnMap":{"0":{"name":"(anonymous_7)","decl":{"start":{"line":12,"column":4},"end":{"line":12,"column":19}},"loc":{"start":{"line":12,"column":4},"end":{"line":12,"column":20}}},"1":{"name":"(anonymous_8)","decl":{"start":{"line":14,"column":10},"end":{"line":14,"column":28}},"loc":{"start":{"line":14,"column":51},"end":{"line":80,"column":null}}}},"branchMap":{"0":{"loc":{"start":{"line":25,"column":12},"end":{"line":27,"column":13}},"type":"if","locations":[{"start":{"line":25,"column":12},"end":{"line":27,"column":13}},{"start":{},"end":{}}]},"1":{"loc":{"start":{"line":29,"column":12},"end":{"line":31,"column":13}},"type":"if","locations":[{"start":{"line":29,"column":12},"end":{"line":31,"column":13}},{"start":{},"end":{}}]},"2":{"loc":{"start":{"line":33,"column":12},"end":{"line":35,"column":13}},"type":"if","locations":[{"start":{"line":33,"column":12},"end":{"line":35,"column":13}},{"start":{},"end":{}}]}},"s":{"0":1,"1":1,"2":1,"3":1,"4":12,"5":12,"6":12,"7":11,"8":11,"9":11,"10":11,"11":11,"12":11,"13":2,"14":9,"15":2,"16":7,"17":2,"18":5,"19":4,"20":4,"21":3,"22":2,"23":10,"24":1},"f":{"0":9,"1":12},"b":{"0":[2,9],"1":[2,7],"2":[2,5]}}
,"C:\\Users\\GyzerTech (Seun)\\Desktop\\Node\\e-commerce\\customer\\src\\services\\order.ts": {"path":"C:\\Users\\GyzerTech (Seun)\\Desktop\\Node\\e-commerce\\customer\\src\\services\\order.ts","statementMap":{"0":{"start":{"line":1,"column":0},"end":{"line":1,"column":58}},"1":{"start":{"line":2,"column":0},"end":{"line":2,"column":87}},"2":{"start":{"line":3,"column":0},"end":{"line":3,"column":39}},"3":{"start":{"line":4,"column":0},"end":{"line":4,"column":48}},"4":{"start":{"line":9,"column":24},"end":{"line":9,"column":62}},"5":{"start":{"line":12,"column":8},"end":{"line":48,"column":9}},"6":{"start":{"line":13,"column":56},"end":{"line":13,"column":61}},"7":{"start":{"line":15,"column":16},"end":{"line":15,"column":69}},"8":{"start":{"line":17,"column":12},"end":{"line":19,"column":13}},"9":{"start":{"line":18,"column":16},"end":{"line":18,"column":76}},"10":{"start":{"line":20,"column":31},"end":{"line":20,"column":73}},"11":{"start":{"line":21,"column":28},"end":{"line":21,"column":48}},"12":{"start":{"line":22,"column":36},"end":{"line":22,"column":60}},"13":{"start":{"line":24,"column":12},"end":{"line":26,"column":13}},"14":{"start":{"line":25,"column":16},"end":{"line":25,"column":51}},"15":{"start":{"line":28,"column":12},"end":{"line":30,"column":13}},"16":{"start":{"line":29,"column":16},"end":{"line":29,"column":null}},"17":{"start":{"line":32,"column":26},"end":{"line":32,"column":39}},"18":{"start":{"line":34,"column":39},"end":{"line":39,"column":14}},"19":{"start":{"line":41,"column":32},"end":{"line":43,"column":null}},"20":{"start":{"line":45,"column":12},"end":{"line":45,"column":36}},"21":{"start":{"line":47,"column":12},"end":{"line":47,"column":33}},"22":{"start":{"line":52,"column":8},"end":{"line":57,"column":9}},"23":{"start":{"line":53,"column":27},"end":{"line":53,"column":70}},"24":{"start":{"line":54,"column":12},"end":{"line":54,"column":31}},"25":{"start":{"line":56,"column":12},"end":{"line":56,"column":33}},"26":{"start":{"line":61,"column":8},"end":{"line":66,"column":9}},"27":{"start":{"line":62,"column":26},"end":{"line":62,"column":59}},"28":{"start":{"line":63,"column":12},"end":{"line":63,"column":30}},"29":{"start":{"line":65,"column":12},"end":{"line":65,"column":33}},"30":{"start":{"line":8,"column":0},"end":{"line":8,"column":13}}},"fnMap":{"0":{"name":"(anonymous_7)","decl":{"start":{"line":9,"column":4},"end":{"line":9,"column":24}},"loc":{"start":{"line":9,"column":62},"end":{"line":9,"column":66}}},"1":{"name":"(anonymous_8)","decl":{"start":{"line":11,"column":10},"end":{"line":11,"column":21}},"loc":{"start":{"line":11,"column":35},"end":{"line":49,"column":null}}},"2":{"name":"(anonymous_10)","decl":{"start":{"line":51,"column":10},"end":{"line":51,"column":19}},"loc":{"start":{"line":51,"column":32},"end":{"line":58,"column":null}}},"3":{"name":"(anonymous_12)","decl":{"start":{"line":60,"column":10},"end":{"line":60,"column":18}},"loc":{"start":{"line":60,"column":29},"end":{"line":67,"column":null}}}},"branchMap":{"0":{"loc":{"start":{"line":17,"column":12},"end":{"line":19,"column":13}},"type":"if","locations":[{"start":{"line":17,"column":12},"end":{"line":19,"column":13}},{"start":{},"end":{}}]},"1":{"loc":{"start":{"line":24,"column":12},"end":{"line":26,"column":13}},"type":"if","locations":[{"start":{"line":24,"column":12},"end":{"line":26,"column":13}},{"start":{},"end":{}}]},"2":{"loc":{"start":{"line":28,"column":12},"end":{"line":30,"column":13}},"type":"if","locations":[{"start":{"line":28,"column":12},"end":{"line":30,"column":13}},{"start":{},"end":{}}]}},"s":{"0":1,"1":1,"2":1,"3":1,"4":9,"5":6,"6":6,"7":6,"8":6,"9":2,"10":4,"11":4,"12":4,"13":4,"14":1,"15":3,"16":1,"17":2,"18":2,"19":2,"20":2,"21":4,"22":2,"23":2,"24":2,"25":0,"26":2,"27":2,"28":1,"29":1,"30":1},"f":{"0":9,"1":6,"2":2,"3":2},"b":{"0":[2,4],"1":[1,3],"2":[1,2]}}
,"C:\\Users\\GyzerTech (Seun)\\Desktop\\Node\\e-commerce\\customer\\src\\services\\product.ts": {"path":"C:\\Users\\GyzerTech (Seun)\\Desktop\\Node\\e-commerce\\customer\\src\\services\\product.ts","statementMap":{"0":{"start":{"line":1,"column":0},"end":{"line":1,"column":43}},"1":{"start":{"line":2,"column":0},"end":{"line":2,"column":48}},"2":{"start":{"line":8,"column":8},"end":{"line":13,"column":9}},"3":{"start":{"line":9,"column":29},"end":{"line":9,"column":59}},"4":{"start":{"line":10,"column":12},"end":{"line":10,"column":33}},"5":{"start":{"line":12,"column":12},"end":{"line":12,"column":33}},"6":{"start":{"line":17,"column":8},"end":{"line":22,"column":9}},"7":{"start":{"line":18,"column":28},"end":{"line":18,"column":63}},"8":{"start":{"line":19,"column":12},"end":{"line":19,"column":32}},"9":{"start":{"line":21,"column":12},"end":{"line":21,"column":33}},"10":{"start":{"line":4,"column":0},"end":{"line":4,"column":13}}},"fnMap":{"0":{"name":"(anonymous_7)","decl":{"start":{"line":5,"column":4},"end":{"line":5,"column":19}},"loc":{"start":{"line":5,"column":4},"end":{"line":5,"column":20}}},"1":{"name":"(anonymous_8)","decl":{"start":{"line":7,"column":10},"end":{"line":7,"column":21}},"loc":{"start":{"line":7,"column":21},"end":{"line":14,"column":null}}},"2":{"name":"(anonymous_10)","decl":{"start":{"line":16,"column":10},"end":{"line":16,"column":20}},"loc":{"start":{"line":16,"column":31},"end":{"line":23,"column":null}}}},"branchMap":{},"s":{"0":1,"1":1,"2":2,"3":2,"4":1,"5":1,"6":2,"7":2,"8":1,"9":1,"10":1},"f":{"0":4,"1":2,"2":2},"b":{}}
}
