TN:
SF:src\constants\constant.ts
FN:9,(anonymous_0)
FNF:1
FNH:0
FNDA:0,(anonymous_0)
DA:1,2
DA:8,2
DA:11,0
DA:14,0
DA:15,0
DA:17,0
DA:32,2
DA:33,2
DA:34,2
DA:35,2
DA:36,2
DA:37,2
DA:38,2
DA:39,2
DA:41,2
DA:42,2
DA:43,2
DA:44,2
DA:45,2
DA:46,2
DA:47,2
DA:48,2
DA:49,2
DA:50,2
LF:24
LH:20
BRDA:11,0,0,0
BRDA:11,0,1,0
BRDA:14,1,0,0
BRDA:14,1,1,0
BRF:4
BRH:0
end_of_record
TN:
SF:src\errors\BadRequest.ts
FN:7,(anonymous_1)
FNF:1
FNH:1
FNDA:29,(anonymous_1)
DA:1,2
DA:2,2
DA:8,29
DA:9,29
DA:13,2
LF:5
LH:5
BRF:0
BRH:0
end_of_record
TN:
SF:src\errors\CustomErrorhandler.ts
FN:6,(anonymous_0)
FNF:1
FNH:1
FNDA:29,(anonymous_0)
DA:1,2
DA:7,29
DA:8,29
DA:13,2
LF:4
LH:4
BRDA:9,0,0,29
BRDA:9,0,1,0
BRF:2
BRH:1
end_of_record
TN:
SF:src\errors\Forbidden.ts
FN:7,(anonymous_1)
FNF:1
FNH:0
FNDA:0,(anonymous_1)
DA:1,2
DA:2,2
DA:8,0
DA:9,0
DA:13,2
LF:5
LH:3
BRF:0
BRH:0
end_of_record
TN:
SF:src\errors\Unauthenticated.ts
FN:7,(anonymous_1)
FNF:1
FNH:0
FNDA:0,(anonymous_1)
DA:1,2
DA:2,2
DA:8,0
DA:9,0
DA:13,2
LF:5
LH:3
BRF:0
BRH:0
end_of_record
TN:
SF:src\errors\UnprocessableEntity.ts
FN:6,(anonymous_1)
FNF:1
FNH:0
FNDA:0,(anonymous_1)
DA:1,2
DA:2,2
DA:7,0
DA:8,0
DA:12,2
LF:5
LH:3
BRF:0
BRH:0
end_of_record
TN:
SF:src\errors\index.ts
FNF:0
FNH:0
DA:1,2
DA:2,2
DA:3,2
DA:4,2
DA:5,2
DA:8,2
DA:9,2
DA:10,2
DA:11,2
DA:12,2
LF:10
LH:10
BRF:0
BRH:0
end_of_record
TN:
SF:src\helper\error.ts
FN:4,(anonymous_0)
FNF:1
FNH:1
FNDA:17,(anonymous_0)
DA:1,2
DA:2,2
DA:4,2
DA:5,17
DA:6,7
DA:7,10
DA:8,0
DA:9,0
DA:11,0
DA:14,10
LF:10
LH:7
BRDA:5,0,0,7
BRDA:5,0,1,10
BRDA:6,1,0,0
BRDA:6,1,1,7
BRDA:6,2,0,7
BRDA:6,2,1,7
BRDA:7,3,0,0
BRDA:7,3,1,10
BRDA:8,4,0,0
BRDA:8,4,1,0
BRF:10
BRH:6
end_of_record
TN:
SF:src\service\customer.ts
FN:6,(anonymous_7)
FN:8,(anonymous_8)
FN:14,(anonymous_10)
FNF:3
FNH:3
FNDA:4,(anonymous_7)
FNDA:2,(anonymous_8)
FNDA:3,(anonymous_10)
DA:1,1
DA:2,1
DA:5,1
DA:6,4
DA:9,2
DA:11,2
DA:15,3
DA:16,3
DA:17,2
DA:20,1
LF:10
LH:10
BRDA:16,0,0,2
BRDA:16,0,1,1
BRF:2
BRH:2
end_of_record
TN:
SF:src\services\order-payment.ts
FN:12,(anonymous_7)
FN:14,(anonymous_8)
FNF:2
FNH:2
FNDA:9,(anonymous_7)
FNDA:12,(anonymous_8)
DA:1,1
DA:2,1
DA:7,1
DA:8,1
DA:11,1
DA:15,12
DA:16,12
DA:17,12
DA:19,11
DA:20,11
DA:21,11
DA:22,11
DA:23,11
DA:25,11
DA:26,2
DA:29,9
DA:30,2
DA:33,7
DA:34,2
DA:38,5
DA:47,4
DA:56,4
DA:64,3
DA:71,2
DA:78,10
LF:25
LH:25
BRDA:25,0,0,2
BRDA:25,0,1,9
BRDA:29,1,0,2
BRDA:29,1,1,7
BRDA:33,2,0,2
BRDA:33,2,1,5
BRF:6
BRH:6
end_of_record
TN:
SF:src\services\order.ts
FN:9,(anonymous_7)
FN:11,(anonymous_8)
FN:51,(anonymous_10)
FN:60,(anonymous_12)
FNF:4
FNH:4
FNDA:9,(anonymous_7)
FNDA:6,(anonymous_8)
FNDA:2,(anonymous_10)
FNDA:2,(anonymous_12)
DA:1,1
DA:2,1
DA:3,1
DA:4,1
DA:8,1
DA:9,9
DA:12,6
DA:13,6
DA:15,6
DA:17,6
DA:18,2
DA:20,4
DA:21,4
DA:22,4
DA:24,4
DA:25,1
DA:28,3
DA:29,1
DA:32,2
DA:34,2
DA:41,2
DA:45,2
DA:47,4
DA:52,2
DA:53,2
DA:54,2
DA:56,0
DA:61,2
DA:62,2
DA:63,1
DA:65,1
LF:31
LH:30
BRDA:17,0,0,2
BRDA:17,0,1,4
BRDA:24,1,0,1
BRDA:24,1,1,3
BRDA:28,2,0,1
BRDA:28,2,1,2
BRF:6
BRH:6
end_of_record
TN:
SF:src\services\product.ts
FN:5,(anonymous_7)
FN:7,(anonymous_8)
FN:16,(anonymous_10)
FNF:3
FNH:3
FNDA:4,(anonymous_7)
FNDA:2,(anonymous_8)
FNDA:2,(anonymous_10)
DA:1,1
DA:2,1
DA:4,1
DA:8,2
DA:9,2
DA:10,1
DA:12,1
DA:17,2
DA:18,2
DA:19,1
DA:21,1
LF:11
LH:11
BRF:0
BRH:0
end_of_record
